<?xml version="1.0" encoding="UTF-8"?>
<testng-results ignored="0" total="1" passed="1" failed="0" skipped="0">
  <reporter-output>
  </reporter-output>
  <suite started-at="2020-10-15T17:18:22 IST" name="Default suite" finished-at="2020-10-15T17:18:58 IST" duration-ms="35759">
    <groups>
    </groups>
    <test started-at="2020-10-15T17:18:22 IST" name="Default test" finished-at="2020-10-15T17:18:58 IST" duration-ms="35759">
      <class name="com.training.sanity.tests.AdminCreateAUserTest">
        <test-method is-config="true" signature="setUp()[pri:0, instance:com.training.sanity.tests.AdminCreateAUserTest@61386958]" started-at="2020-10-15T17:18:22 IST" name="setUp" finished-at="2020-10-15T17:18:37 IST" duration-ms="14991" status="PASS">
          <reporter-output>
          </reporter-output>
        </test-method> <!-- setUp -->
        <test-method signature="validate()[pri:0, instance:com.training.sanity.tests.AdminCreateAUserTest@61386958]" started-at="2020-10-15T17:18:37 IST" name="validate" finished-at="2020-10-15T17:18:56 IST" duration-ms="18778" status="PASS">
          <reporter-output>
          </reporter-output>
        </test-method> <!-- validate -->
        <test-method is-config="true" signature="tearDown()[pri:0, instance:com.training.sanity.tests.AdminCreateAUserTest@61386958]" started-at="2020-10-15T17:18:56 IST" name="tearDown" finished-at="2020-10-15T17:18:58 IST" duration-ms="1910" status="PASS">
          <reporter-output>
          </reporter-output>
        </test-method> <!-- tearDown -->
      </class> <!-- com.training.sanity.tests.AdminCreateAUserTest -->
    </test> <!-- Default test -->
  </suite> <!-- Default suite -->
</testng-results>
